<?xml version="1.0" encoding="UTF-8"?>
<testng-results ignored="0" total="1" passed="1" failed="0" skipped="0">
  <reporter-output>
  </reporter-output>
  <suite started-at="2022-04-12T17:52:35 IST" name="Suite" finished-at="2022-04-12T17:52:53 IST" duration-ms="17724">
    <groups>
    </groups>
    <test started-at="2022-04-12T17:52:35 IST" name="Test" finished-at="2022-04-12T17:52:53 IST" duration-ms="17724">
      <class name="e2e_Automation_TestScript.TC_LoginPage">
        <test-method is-config="true" signature="setUp()[pri:0, instance:e2e_Automation_TestScript.TC_LoginPage@2b662a77]" started-at="2022-04-12T17:52:35 IST" name="setUp" finished-at="2022-04-12T17:52:45 IST" duration-ms="9949" status="PASS">
          <reporter-output>
          </reporter-output>
        </test-method> <!-- setUp -->
        <test-method signature="login(java.lang.String,java.lang.String)[pri:0, instance:e2e_Automation_TestScript.TC_LoginPage@2b662a77]" started-at="2022-04-12T17:52:45 IST" name="login" data-provider="datapro1" finished-at="2022-04-12T17:52:52 IST" duration-ms="7184" status="PASS">
          <params>
            <param index="0">
              <value>
                <![CDATA[mngr398703]]>
              </value>
            </param>
            <param index="1">
              <value>
                <![CDATA[UsazUdU]]>
              </value>
            </param>
          </params>
          <reporter-output>
          </reporter-output>
        </test-method> <!-- login -->
        <test-method is-config="true" signature="tearDown()[pri:0, instance:e2e_Automation_TestScript.TC_LoginPage@2b662a77]" started-at="2022-04-12T17:52:52 IST" name="tearDown" finished-at="2022-04-12T17:52:53 IST" duration-ms="403" status="PASS">
          <reporter-output>
          </reporter-output>
        </test-method> <!-- tearDown -->
      </class> <!-- e2e_Automation_TestScript.TC_LoginPage -->
    </test> <!-- Test -->
  </suite> <!-- Suite -->
</testng-results>
